#
# There is insufficient memory for the Java Runtime Environment to continue.
# Native memory allocation (malloc) failed to allocate 1088976 bytes for Chunk::new
# Possible reasons:
#   The system is out of physical RAM or swap space
#   The process is running with CompressedOops enabled, and the Java Heap may be blocking the growth of the native heap
# Possible solutions:
#   Reduce memory load on the system
#   Increase physical memory or swap space
#   Check if swap backing store is full
#   Decrease Java heap size (-Xmx/-Xms)
#   Decrease number of Java threads
#   Decrease Java thread stack sizes (-Xss)
#   Set larger code cache with -XX:ReservedCodeCacheSize=
#   JVM is running with Unscaled Compressed Oops mode in which the Java heap is
#     placed in the first 4GB address space. The Java Heap base address is the
#     maximum limit for the native heap growth. Please use -XX:HeapBaseMinAddress
#     to set the Java Heap base and to place the Java Heap above 4GB virtual address.
# This output file may be truncated or incomplete.
#
#  Out of Memory Error (allocation.cpp:389), pid=21848, tid=0x0000000000001f40
#
# JRE version: OpenJDK Runtime Environment (8.0_212-b04) (build 1.8.0_212-release-1586-b04)
# Java VM: OpenJDK 64-Bit Server VM (25.212-b04 mixed mode windows-amd64 compressed oops)
# Failed to write core dump. Minidumps are not enabled by default on client versions of Windows
#

---------------  T H R E A D  ---------------

Current thread (0x0000000015f0a800):  JavaThread "C2 CompilerThread1" daemon [_thread_in_native, id=8000, stack(0x0000000017670000,0x0000000017770000)]

Stack: [0x0000000017670000,0x0000000017770000]
[error occurred during error reporting (printing stack bounds), id 0xc0000005]

Native frames: (J=compiled Java code, j=interpreted, Vv=VM code, C=native code)


Current CompileTask:
C2:18754327 51656       4       com.android.tools.r8.w.c.o::a (270 bytes)


---------------  P R O C E S S  ---------------

Java Threads: ( => current thread )
  0x000000002879e000 JavaThread "ForkJoinPool-143-worker-0" daemon [_thread_in_Java, id=20608, stack(0x000000001a3d0000,0x000000001a4d0000)]
  0x00000000271c9800 JavaThread "ForkJoinPool-143-worker-1" daemon [_thread_in_Java, id=21688, stack(0x0000000033fc0000,0x00000000340c0000)]
  0x000000001bbe1800 JavaThread "Cache worker for Java compile cache (C:\Users\LordDarthArt\AndroidStudioProjects\BankingTestApp\.gradle\5.6.1\javaCompile)" [_thread_blocked, id=8904, stack(0x00000000307e0000,0x00000000308e0000)]
  0x00000000287ab000 JavaThread "RMI TCP Connection(idle)" daemon [_thread_blocked, id=19992, stack(0x00000000303e0000,0x00000000304e0000)]
  0x00000000287a9800 JavaThread "RMI TCP Connection(idle)" daemon [_thread_blocked, id=20816, stack(0x00000000301e0000,0x00000000302e0000)]
  0x000000002879d800 JavaThread "RMI TCP Connection(idle)" daemon [_thread_blocked, id=1880, stack(0x0000000025060000,0x0000000025160000)]
  0x00000000270e0800 JavaThread "RMI TCP Connection(idle)" daemon [_thread_blocked, id=22508, stack(0x000000002fee0000,0x000000002ffe0000)]
  0x00000000270de000 JavaThread "WorkerExecutor Queue Thread 5" [_thread_blocked, id=22324, stack(0x000000002e710000,0x000000002e810000)]
  0x00000000270dc000 JavaThread "stdout" [_thread_in_native, id=5568, stack(0x000000002e610000,0x000000002e710000)]
  0x00000000270dd800 JavaThread "stderr" [_thread_in_native, id=1856, stack(0x000000002e510000,0x000000002e610000)]
  0x00000000270d6800 JavaThread "stdout" [_thread_in_native, id=20396, stack(0x000000002d010000,0x000000002d110000)]
  0x00000000270db000 JavaThread "stderr" [_thread_in_native, id=16596, stack(0x000000002cd10000,0x000000002ce10000)]
  0x00000000270d1800 JavaThread "stdout" [_thread_in_native, id=18964, stack(0x000000002ca10000,0x000000002cb10000)]
  0x000000001bbe4800 JavaThread "stderr" [_thread_in_native, id=14332, stack(0x000000002b5c0000,0x000000002b6c0000)]
  0x000000001bbe3000 JavaThread "stdout" [_thread_in_native, id=21632, stack(0x000000002b3c0000,0x000000002b4c0000)]
  0x000000001bbdb800 JavaThread "stderr" [_thread_in_native, id=21332, stack(0x000000002a2f0000,0x000000002a3f0000)]
  0x000000001bbe2000 JavaThread "pool-215-thread-1" [_thread_blocked, id=17932, stack(0x000000002a1f0000,0x000000002a2f0000)]
  0x000000001bbdd800 JavaThread "WorkerExecutor Queue Thread 4" [_thread_blocked, id=1768, stack(0x0000000029df0000,0x0000000029ef0000)]
  0x000000001bbe0800 JavaThread "WorkerExecutor Queue Thread 3" [_thread_blocked, id=21532, stack(0x0000000029cf0000,0x0000000029df0000)]
  0x000000001bbde800 JavaThread "WorkerExecutor Queue Thread 2" [_thread_blocked, id=18580, stack(0x0000000025160000,0x0000000025260000)]
  0x000000001f511000 JavaThread "Cache worker for execution history cache (C:\Users\LordDarthArt\AndroidStudioProjects\BankingTestApp\.gradle\5.6.1\executionHistory)" [_thread_blocked, id=5112, stack(0x0000000024f60000,0x0000000025060000)]
  0x000000001f513800 JavaThread "Execution worker for ':' Thread 3" [_thread_blocked, id=19844, stack(0x0000000024c60000,0x0000000024d60000)]
  0x000000001f512000 JavaThread "Execution worker for ':' Thread 2" [_thread_blocked, id=12116, stack(0x0000000023b40000,0x0000000023c40000)]
  0x000000001f510800 JavaThread "Execution worker for ':'" [_thread_blocked, id=16464, stack(0x0000000022db0000,0x0000000022eb0000)]
  0x000000001f50f800 JavaThread "Cache worker for file content cache (C:\Users\LordDarthArt\AndroidStudioProjects\BankingTestApp\.gradle\5.6.1\fileContent)" [_thread_blocked, id=16436, stack(0x0000000022060000,0x0000000022160000)]
  0x000000001f507800 JavaThread "Cache worker for Build Output Cleanup Cache (C:\Users\LordDarthArt\AndroidStudioProjects\BankingTestApp\.gradle\buildOutputCleanup)" [_thread_blocked, id=11064, stack(0x00000000206e0000,0x00000000207e0000)]
  0x000000001f506800 JavaThread "Build operations Thread 4" [_thread_blocked, id=5088, stack(0x00000000205e0000,0x00000000206e0000)]
  0x000000001f50d800 JavaThread "Build operations Thread 3" [_thread_blocked, id=22168, stack(0x00000000200e0000,0x00000000201e0000)]
  0x000000001f509000 JavaThread "Build operations Thread 2" [_thread_blocked, id=18488, stack(0x000000001e340000,0x000000001e440000)]
  0x000000001f506000 JavaThread "Build operations" [_thread_blocked, id=16644, stack(0x000000001e240000,0x000000001e340000)]
  0x000000001f50c800 JavaThread "Cache worker for cache directory md-rule (C:\Users\LordDarthArt\.gradle\caches\5.6.1\md-rule)" [_thread_blocked, id=7588, stack(0x000000001a7d0000,0x000000001a8d0000)]
  0x000000001f505000 JavaThread "Cache worker for cache directory md-supplier (C:\Users\LordDarthArt\.gradle\caches\5.6.1\md-supplier)" [_thread_blocked, id=18652, stack(0x000000001a6d0000,0x000000001a7d0000)]
  0x000000001f50c000 JavaThread "Cache worker for file hash cache (C:\Users\LordDarthArt\AndroidStudioProjects\BankingTestApp\.gradle\5.6.1\fileHashes)" [_thread_blocked, id=17988, stack(0x000000001a5d0000,0x000000001a6d0000)]
  0x000000001f509800 JavaThread "Thread-1828" [_thread_blocked, id=2112, stack(0x000000001a4d0000,0x000000001a5d0000)]
  0x0000000018002800 JavaThread "Asynchronous log dispatcher for DefaultDaemonConnection: socket connection from /127.0.0.1:55159 to /127.0.0.1:52678" [_thread_blocked, id=21872, stack(0x000000001a0d0000,0x000000001a1d0000)]
  0x0000000017ffd800 JavaThread "Daemon worker Thread 56" [_thread_blocked, id=6904, stack(0x0000000019fd0000,0x000000001a0d0000)]
  0x0000000017ff5000 JavaThread "Cancel handler" [_thread_blocked, id=380, stack(0x0000000000aa0000,0x0000000000ba0000)]
  0x0000000017ff9800 JavaThread "Handler for socket connection from /127.0.0.1:55159 to /127.0.0.1:52678" [_thread_in_native, id=18656, stack(0x00000000009a0000,0x0000000000aa0000)]
  0x0000000017ff6800 JavaThread "Daemon Thread 56" [_thread_blocked, id=11676, stack(0x00000000008a0000,0x00000000009a0000)]
  0x00000000270df800 JavaThread "RMI Reaper" [_thread_blocked, id=9352, stack(0x00000000300e0000,0x00000000301e0000)]
  0x00000000270df000 JavaThread "GC Daemon" daemon [_thread_blocked, id=22416, stack(0x000000002ffe0000,0x00000000300e0000)]
  0x00000000287a2000 JavaThread "Cache worker for Java compile cache (C:\Users\LordDarthArt\.gradle\caches\5.6.1\javaCompile)" [_thread_blocked, id=11248, stack(0x000000002b4c0000,0x000000002b5c0000)]
  0x000000001bbd6000 JavaThread "RMI TCP Accept-0" daemon [_thread_in_native, id=18072, stack(0x000000002a0f0000,0x000000002a1f0000)]
  0x000000001bbe0000 JavaThread "RMI Scheduler(0)" daemon [_thread_blocked, id=11328, stack(0x0000000028bf0000,0x0000000028cf0000)]
  0x0000000017ffe000 JavaThread "Cache worker for file content cache (C:\Users\LordDarthArt\.gradle\caches\5.6.1\fileContent)" [_thread_blocked, id=2528, stack(0x0000000022cb0000,0x0000000022db0000)]
  0x0000000018001000 JavaThread "Memory manager" [_thread_blocked, id=12052, stack(0x0000000022160000,0x0000000022260000)]
  0x0000000017ff8800 JavaThread "Cache worker for execution history cache (C:\Users\LordDarthArt\.gradle\caches\5.6.1\executionHistory)" [_thread_blocked, id=22028, stack(0x000000001e520000,0x000000001e620000)]
  0x0000000015f1b000 JavaThread "Cache worker for journal cache (C:\Users\LordDarthArt\.gradle\caches\journal-1)" [_thread_blocked, id=14576, stack(0x000000001acd0000,0x000000001add0000)]
  0x0000000015f1f800 JavaThread "File lock request listener" [_thread_in_native, id=16052, stack(0x000000001abd0000,0x000000001acd0000)]
  0x0000000015f1e000 JavaThread "Cache worker for file hash cache (C:\Users\LordDarthArt\.gradle\caches\5.6.1\fileHashes)" [_thread_blocked, id=4528, stack(0x000000001aad0000,0x000000001abd0000)]
  0x000000001915e800 JavaThread "Daemon periodic checks" [_thread_blocked, id=7536, stack(0x0000000019ed0000,0x0000000019fd0000)]
  0x0000000019164000 JavaThread "Incoming local TCP Connector on port 55159" [_thread_in_native, id=18672, stack(0x0000000019c80000,0x0000000019d80000)]
  0x0000000018c7d800 JavaThread "Daemon health stats" [_thread_blocked, id=17352, stack(0x0000000019640000,0x0000000019740000)]
  0x00000000178b8000 JavaThread "Service Thread" daemon [_thread_blocked, id=11120, stack(0x0000000017c70000,0x0000000017d70000)]
  0x0000000015f1e800 JavaThread "C1 CompilerThread2" daemon [_thread_blocked, id=21780, stack(0x0000000017770000,0x0000000017870000)]
=>0x0000000015f0a800 JavaThread "C2 CompilerThread1" daemon [_thread_in_native, id=8000, stack(0x0000000017670000,0x0000000017770000)]
  0x0000000015f07800 JavaThread "C2 CompilerThread0" daemon [_thread_in_native, id=15384, stack(0x0000000017570000,0x0000000017670000)]
  0x0000000015f05000 JavaThread "Attach Listener" daemon [_thread_blocked, id=18940, stack(0x0000000017470000,0x0000000017570000)]
  0x0000000015f04000 JavaThread "Signal Dispatcher" daemon [_thread_blocked, id=8640, stack(0x0000000017370000,0x0000000017470000)]
  0x000000000258c000 JavaThread "Finalizer" daemon [_thread_blocked, id=2896, stack(0x0000000017160000,0x0000000017260000)]
  0x0000000015ee9800 JavaThread "Reference Handler" daemon [_thread_blocked, id=20268, stack(0x0000000017060000,0x0000000017160000)]
  0x0000000002492800 JavaThread "main" [_thread_blocked, id=21092, stack(0x0000000002340000,0x0000000002440000)]

Other Threads:
  0x0000000015ec7000 VMThread [stack: 0x0000000016f60000,0x0000000017060000] [id=17428]
  0x00000000178b9000 WatcherThread [stack: 0x0000000017d70000,0x0000000017e70000] [id=15660]

VM state:not at safepoint (normal execution)

VM Mutex/Monitor currently owned by a thread: None

heap address: 0x00000000a0000000, size: 1536 MB, Compressed Oops mode: 32-bit
Narrow klass base: 0x0000000000000000, Narrow klass shift: 3
Compressed class space size: 1073741824 Address: 0x0000000100000000

Heap:
 PSYoungGen      total 375296K, used 64334K [0x00000000e0000000, 0x00000000ffd00000, 0x0000000100000000)
  eden space 230400K, 26% used [0x00000000e0000000,0x00000000e3b4c0e8,0x00000000ee100000)
  from space 144896K, 2% used [0x00000000ee100000,0x00000000ee487748,0x00000000f6e80000)
  to   space 142336K, 0% used [0x00000000f7200000,0x00000000f7200000,0x00000000ffd00000)
 ParOldGen       total 501760K, used 284482K [0x00000000a0000000, 0x00000000bea00000, 0x00000000e0000000)
  object space 501760K, 56% used [0x00000000a0000000,0x00000000b15d0980,0x00000000bea00000)
 Metaspace       used 179398K, capacity 190889K, committed 191168K, reserved 1216512K
  class space    used 21932K, capacity 23887K, committed 24024K, reserved 1048576K

Card table byte_map: [0x0000000011950000,0x0000000011c60000] byte_map_base: 0x0000000011450000

Marking Bits: (ParMarkBitMap*) 0x0000000075d39f30
 Begin Bits: [0x0000000012260000, 0x0000000013a60000)
 End Bits:   [0x0000000013a60000, 0x0000000015260000)

Polling page: 0x0000000000700000

CodeCache: size=245760Kb used=133481Kb max_used=133481Kb free=112278Kb
 bounds [0x0000000002590000, 0x000000000a8f0000, 0x0000000011590000]
 total_blobs=39601 nmethods=38547 adapters=963
 compilation: enabled

Compilation events (10 events):
Event: 18754.247 Thread 0x0000000015f1e800 52949       2       com.android.tools.r8.ir.optimize.string.StringBuilderOptimizer$b::b (52 bytes)
Event: 18754.248 Thread 0x0000000015f1e800 nmethod 52949 0x000000000a88afd0 code [0x000000000a88b180, 0x000000000a88b488]
Event: 18754.255 Thread 0x0000000015f1e800 52950       1       com.android.tools.r8.code.n1::n (4 bytes)
Event: 18754.256 Thread 0x0000000015f1e800 nmethod 52950 0x000000000a88ad10 code [0x000000000a88ae60, 0x000000000a88af70]
Event: 18754.256 Thread 0x0000000015f1e800 52951       2       com.android.tools.r8.code.H1::a (74 bytes)
Event: 18754.256 Thread 0x0000000015f1e800 nmethod 52951 0x000000000a88a790 code [0x000000000a88a900, 0x000000000a88aba8]
Event: 18754.270 Thread 0x0000000015f1e800 52952       1       com.android.tools.r8.ir.optimize.info.s::d (5 bytes)
Event: 18754.270 Thread 0x0000000015f1e800 nmethod 52952 0x000000000a88a4d0 code [0x000000000a88a620, 0x000000000a88a730]
Event: 18754.282 Thread 0x0000000015f1e800 52953       2       com.android.tools.r8.ir.optimize.l::a (532 bytes)
Event: 18754.289 Thread 0x0000000015f1e800 nmethod 52953 0x000000000a8e0c10 code [0x000000000a8e1160, 0x000000000a8e2c68]

GC Heap History (10 events):
Event: 18737.694 GC heap before
{Heap before GC invocations=221 (full 10):
 PSYoungGen      total 363520K, used 250006K [0x00000000e0000000, 0x00000000ff780000, 0x0000000100000000)
  eden space 219648K, 100% used [0x00000000e0000000,0x00000000ed680000,0x00000000ed680000)
  from space 143872K, 21% used [0x00000000f6b00000,0x00000000f88a5b18,0x00000000ff780000)
  to   space 147968K, 0% used [0x00000000ed680000,0x00000000ed680000,0x00000000f6700000)
 ParOldGen       total 501760K, used 243239K [0x00000000a0000000, 0x00000000bea00000, 0x00000000e0000000)
  object space 501760K, 48% used [0x00000000a0000000,0x00000000aed89c90,0x00000000bea00000)
 Metaspace       used 177991K, capacity 189015K, committed 189248K, reserved 1214464K
  class space    used 21807K, capacity 23718K, committed 23896K, reserved 1048576K
Event: 18737.773 GC heap after
Heap after GC invocations=221 (full 10):
 PSYoungGen      total 367616K, used 27679K [0x00000000e0000000, 0x0000000100000000, 0x0000000100000000)
  eden space 219648K, 0% used [0x00000000e0000000,0x00000000e0000000,0x00000000ed680000)
  from space 147968K, 18% used [0x00000000ed680000,0x00000000ef187f58,0x00000000f6700000)
  to   space 145920K, 0% used [0x00000000f7180000,0x00000000f7180000,0x0000000100000000)
 ParOldGen       total 501760K, used 257536K [0x00000000a0000000, 0x00000000bea00000, 0x00000000e0000000)
  object space 501760K, 51% used [0x00000000a0000000,0x00000000afb80128,0x00000000bea00000)
 Metaspace       used 177991K, capacity 189015K, committed 189248K, reserved 1214464K
  class space    used 21807K, capacity 23718K, committed 23896K, reserved 1048576K
}
Event: 18742.178 GC heap before
{Heap before GC invocations=222 (full 10):
 PSYoungGen      total 367616K, used 247327K [0x00000000e0000000, 0x0000000100000000, 0x0000000100000000)
  eden space 219648K, 100% used [0x00000000e0000000,0x00000000ed680000,0x00000000ed680000)
  from space 147968K, 18% used [0x00000000ed680000,0x00000000ef187f58,0x00000000f6700000)
  to   space 145920K, 0% used [0x00000000f7180000,0x00000000f7180000,0x0000000100000000)
 ParOldGen       total 501760K, used 257536K [0x00000000a0000000, 0x00000000bea00000, 0x00000000e0000000)
  object space 501760K, 51% used [0x00000000a0000000,0x00000000afb80128,0x00000000bea00000)
 Metaspace       used 179044K, capacity 190333K, committed 190656K, reserved 1216512K
  class space    used 21898K, capacity 23841K, committed 24024K, reserved 1048576K
Event: 18742.214 GC heap after
Heap after GC invocations=222 (full 10):
 PSYoungGen      total 376320K, used 3627K [0x00000000e0000000, 0x0000000100000000, 0x0000000100000000)
  eden space 230400K, 0% used [0x00000000e0000000,0x00000000e0000000,0x00000000ee100000)
  from space 145920K, 2% used [0x00000000f7180000,0x00000000f750ad30,0x0000000100000000)
  to   space 146944K, 0% used [0x00000000ee100000,0x00000000ee100000,0x00000000f7080000)
 ParOldGen       total 501760K, used 277117K [0x00000000a0000000, 0x00000000bea00000, 0x00000000e0000000)
  object space 501760K, 55% used [0x00000000a0000000,0x00000000b0e9f5b8,0x00000000bea00000)
 Metaspace       used 179044K, capacity 190333K, committed 190656K, reserved 1216512K
  class space    used 21898K, capacity 23841K, committed 24024K, reserved 1048576K
}
Event: 18745.515 GC heap before
{Heap before GC invocations=223 (full 10):
 PSYoungGen      total 376320K, used 234027K [0x00000000e0000000, 0x0000000100000000, 0x0000000100000000)
  eden space 230400K, 100% used [0x00000000e0000000,0x00000000ee100000,0x00000000ee100000)
  from space 145920K, 2% used [0x00000000f7180000,0x00000000f750ad30,0x0000000100000000)
  to   space 146944K, 0% used [0x00000000ee100000,0x00000000ee100000,0x00000000f7080000)
 ParOldGen       total 501760K, used 277117K [0x00000000a0000000, 0x00000000bea00000, 0x00000000e0000000)
  object space 501760K, 55% used [0x00000000a0000000,0x00000000b0e9f5b8,0x00000000bea00000)
 Metaspace       used 179103K, capacity 190421K, committed 190656K, reserved 1216512K
  class space    used 21902K, capacity 23847K, committed 24024K, reserved 1048576K
Event: 18745.537 GC heap after
Heap after GC invocations=223 (full 10):
 PSYoungGen      total 377344K, used 2336K [0x00000000e0000000, 0x0000000100000000, 0x0000000100000000)
  eden space 230400K, 0% used [0x00000000e0000000,0x00000000e0000000,0x00000000ee100000)
  from space 146944K, 1% used [0x00000000ee100000,0x00000000ee348020,0x00000000f7080000)
  to   space 146944K, 0% used [0x00000000f7080000,0x00000000f7080000,0x0000000100000000)
 ParOldGen       total 501760K, used 280250K [0x00000000a0000000, 0x00000000bea00000, 0x00000000e0000000)
  object space 501760K, 55% used [0x00000000a0000000,0x00000000b11ae950,0x00000000bea00000)
 Metaspace       used 179103K, capacity 190421K, committed 190656K, reserved 1216512K
  class space    used 21902K, capacity 23847K, committed 24024K, reserved 1048576K
}
Event: 18749.076 GC heap before
{Heap before GC invocations=224 (full 10):
 PSYoungGen      total 377344K, used 232736K [0x00000000e0000000, 0x0000000100000000, 0x0000000100000000)
  eden space 230400K, 100% used [0x00000000e0000000,0x00000000ee100000,0x00000000ee100000)
  from space 146944K, 1% used [0x00000000ee100000,0x00000000ee348020,0x00000000f7080000)
  to   space 146944K, 0% used [0x00000000f7080000,0x00000000f7080000,0x0000000100000000)
 ParOldGen       total 501760K, used 280250K [0x00000000a0000000, 0x00000000bea00000, 0x00000000e0000000)
  object space 501760K, 55% used [0x00000000a0000000,0x00000000b11ae950,0x00000000bea00000)
 Metaspace       used 179140K, capacity 190485K, committed 190912K, reserved 1216512K
  class space    used 21902K, capacity 23847K, committed 24024K, reserved 1048576K
Event: 18749.111 GC heap after
Heap after GC invocations=224 (full 10):
 PSYoungGen      total 373248K, used 2304K [0x00000000e0000000, 0x00000000ffc00000, 0x0000000100000000)
  eden space 230400K, 0% used [0x00000000e0000000,0x00000000e0000000,0x00000000ee100000)
  from space 142848K, 1% used [0x00000000f7080000,0x00000000f72c0020,0x00000000ffc00000)
  to   space 144896K, 0% used [0x00000000ee100000,0x00000000ee100000,0x00000000f6e80000)
 ParOldGen       total 501760K, used 282202K [0x00000000a0000000, 0x00000000bea00000, 0x00000000e0000000)
  object space 501760K, 56% used [0x00000000a0000000,0x00000000b1396960,0x00000000bea00000)
 Metaspace       used 179140K, capacity 190485K, committed 190912K, reserved 1216512K
  class space    used 21902K, capacity 23847K, committed 24024K, reserved 1048576K
}
Event: 18753.366 GC heap before
{Heap before GC invocations=225 (full 10):
 PSYoungGen      total 373248K, used 232704K [0x00000000e0000000, 0x00000000ffc00000, 0x0000000100000000)
  eden space 230400K, 100% used [0x00000000e0000000,0x00000000ee100000,0x00000000ee100000)
  from space 142848K, 1% used [0x00000000f7080000,0x00000000f72c0020,0x00000000ffc00000)
  to   space 144896K, 0% used [0x00000000ee100000,0x00000000ee100000,0x00000000f6e80000)
 ParOldGen       total 501760K, used 282202K [0x00000000a0000000, 0x00000000bea00000, 0x00000000e0000000)
  object space 501760K, 56% used [0x00000000a0000000,0x00000000b1396960,0x00000000bea00000)
 Metaspace       used 179362K, capacity 190823K, committed 191168K, reserved 1216512K
  class space    used 21931K, capacity 23886K, committed 24024K, reserved 1048576K
Event: 18753.396 GC heap after
Heap after GC invocations=225 (full 10):
 PSYoungGen      total 375296K, used 3613K [0x00000000e0000000, 0x00000000ffd00000, 0x0000000100000000)
  eden space 230400K, 0% used [0x00000000e0000000,0x00000000e0000000,0x00000000ee100000)
  from space 144896K, 2% used [0x00000000ee100000,0x00000000ee487748,0x00000000f6e80000)
  to   space 142336K, 0% used [0x00000000f7200000,0x00000000f7200000,0x00000000ffd00000)
 ParOldGen       total 501760K, used 284482K [0x00000000a0000000, 0x00000000bea00000, 0x00000000e0000000)
  object space 501760K, 56% used [0x00000000a0000000,0x00000000b15d0980,0x00000000bea00000)
 Metaspace       used 179362K, capacity 190823K, committed 191168K, reserved 1216512K
  class space    used 21931K, capacity 23886K, committed 24024K, reserved 1048576K
}

Deoptimization events (10 events):
Event: 18751.413 Thread 0x000000002879e000 Uncommon trap: reason=class_check action=maybe_recompile pc=0x00000000092d2c44 method=com.android.tools.r8.w.c.M.a(Lcom/android/tools/r8/w/b/u0;)V @ 202
Event: 18751.413 Thread 0x000000002879e000 Uncommon trap: reason=unstable_if action=reinterpret pc=0x000000000931e2b0 method=com.android.tools.r8.ir.analysis.type.j.a(Lcom/android/tools/r8/graph/S;Lcom/android/tools/r8/graph/S;Lcom/android/tools/r8/w/b/l;)V @ 87
Event: 18751.413 Thread 0x00000000271c9800 Uncommon trap: reason=class_check action=maybe_recompile pc=0x00000000090ccdf0 method=com.android.tools.r8.w.c.M.j(I)Lcom/android/tools/r8/w/c/M$b; @ 50
Event: 18751.413 Thread 0x00000000271c9800 Uncommon trap: reason=class_check action=maybe_recompile pc=0x00000000090ccdf0 method=com.android.tools.r8.w.c.M.j(I)Lcom/android/tools/r8/w/c/M$b; @ 50
Event: 18751.476 Thread 0x000000002879e000 Uncommon trap: reason=unstable_if action=reinterpret pc=0x000000000a25d7fc method=com.android.tools.r8.w.b.g1.a(Lcom/android/tools/r8/w/b/j1;Lcom/android/tools/r8/graph/Z;Lcom/android/tools/r8/origin/Origin;Lcom/android/tools/r8/utils/v0;)V @ 17
Event: 18751.627 Thread 0x000000002879e000 Uncommon trap: reason=unstable_if action=reinterpret pc=0x0000000006372a70 method=com.android.tools.r8.w.b.g1.a(Lcom/android/tools/r8/w/b/j1;Lcom/android/tools/r8/graph/Z;Lcom/android/tools/r8/origin/Origin;Lcom/android/tools/r8/utils/v0;)V @ 17
Event: 18752.391 Thread 0x00000000271c9800 Uncommon trap: reason=class_check action=maybe_recompile pc=0x000000000a7410bc method=com.android.tools.r8.ir.optimize.h.j(Lcom/android/tools/r8/w/b/T;)V @ 1238
Event: 18752.790 Thread 0x000000002879e000 Uncommon trap: reason=unstable_if action=reinterpret pc=0x00000000068e23fc method=com.android.tools.r8.ir.optimize.h.b(Lcom/android/tools/r8/w/b/T;)V @ 140
Event: 18752.808 Thread 0x00000000271c9800 Uncommon trap: reason=unstable_if action=reinterpret pc=0x000000000310a8b0 method=com.android.tools.r8.w.b.l.a(ILcom/android/tools/r8/w/b/l$c;)Lcom/android/tools/r8/w/b/g1; @ 33
Event: 18752.906 Thread 0x000000002879e000 Uncommon trap: reason=unstable_if action=reinterpret pc=0x0000000004d16168 method=com.android.tools.r8.w.c.M.a(Lcom/android/tools/r8/graph/S;)Lcom/android/tools/r8/w/b/T; @ 2600

Classes redefined (0 events):
No events

Internal exceptions (10 events):
Event: 18729.537 Thread 0x000000001f512000 Implicit null exception at 0x00000000066a03e4 to 0x00000000066a072d
Event: 18729.551 Thread 0x000000001f512000 Exception <a 'java/lang/NoSuchMethodError': java.lang.Object.a(Ljava/util/Set;Lcom/android/tools/r8/graph/S;)V> (0x00000000e9d58618) thrown at [D:\src\AOSP-openjdk-cygwin\jdk8u\hotspot\src\share\vm\interpreter\linkResolver.cpp, line 620]
Event: 18730.012 Thread 0x000000001f512000 Exception <a 'java/lang/NoSuchMethodError': java.lang.Object.c(Ljava/util/Set;Lcom/android/tools/r8/graph/S;)V> (0x00000000e1b73958) thrown at [D:\src\AOSP-openjdk-cygwin\jdk8u\hotspot\src\share\vm\interpreter\linkResolver.cpp, line 620]
Event: 18730.012 Thread 0x000000001f512000 Exception <a 'java/lang/NoSuchMethodError': java.lang.Object.b(Ljava/util/Set;Lcom/android/tools/r8/graph/S;)V> (0x00000000e1b76c50) thrown at [D:\src\AOSP-openjdk-cygwin\jdk8u\hotspot\src\share\vm\interpreter\linkResolver.cpp, line 620]
Event: 18733.483 Thread 0x000000001f512000 Exception <a 'java/lang/NoSuchMethodError': java.lang.Object.a(Lcom/android/tools/r8/graph/J0;Lcom/android/tools/r8/graph/J0;)I> (0x00000000e61f3a30) thrown at [D:\src\AOSP-openjdk-cygwin\jdk8u\hotspot\src\share\vm\interpreter\linkResolver.cpp, line 620]
Event: 18733.667 Thread 0x000000001f512000 Exception <a 'java/lang/IncompatibleClassChangeError': Found class java.lang.Object, but interface was expected> (0x00000000e6f19bb8) thrown at [D:\src\AOSP-openjdk-cygwin\jdk8u\hotspot\src\share\vm\interpreter\linkResolver.cpp, line 653]
Event: 18735.255 Thread 0x000000001f512000 Exception <a 'java/lang/NoSuchMethodError': java.lang.Object.a(Lcom/android/tools/r8/graph/J0;Lcom/android/tools/r8/graph/J0;)I> (0x00000000ea2eee08) thrown at [D:\src\AOSP-openjdk-cygwin\jdk8u\hotspot\src\share\vm\interpreter\linkResolver.cpp, line 620]
Event: 18735.273 Thread 0x000000001f512000 Exception <a 'java/lang/NoSuchMethodError': java.lang.Object.a(Lcom/android/tools/r8/graph/J0;Lcom/android/tools/r8/graph/J0;)I> (0x00000000ea31ad38) thrown at [D:\src\AOSP-openjdk-cygwin\jdk8u\hotspot\src\share\vm\interpreter\linkResolver.cpp, line 620]
Event: 18735.845 Thread 0x000000001f512000 Implicit null exception at 0x0000000004e38c92 to 0x0000000004e38da1
Event: 18750.797 Thread 0x000000002879e000 Implicit null exception at 0x000000000a33467c to 0x000000000a335a15

Events (10 events):
Event: 18753.977 Thread 0x000000002879e000 DEOPT PACKING pc=0x00000000093d7aeb sp=0x000000001a4ce890
Event: 18753.977 Thread 0x000000002879e000 DEOPT UNPACKING pc=0x00000000025d71d0 sp=0x000000001a4ce738 mode 0
Event: 18754.003 Executing VM operation: RevokeBias
Event: 18754.004 Executing VM operation: RevokeBias done
Event: 18754.167 loading class com/android/tools/r8/ir/optimize/F
Event: 18754.167 loading class com/android/tools/r8/ir/optimize/F done
Event: 18754.276 Thread 0x000000002879e000 DEOPT PACKING pc=0x0000000007fcd1da sp=0x000000001a4ce980
Event: 18754.276 Thread 0x000000002879e000 DEOPT UNPACKING pc=0x00000000025d71d0 sp=0x000000001a4ce760 mode 0
Event: 18754.315 Thread 0x00000000271c9800 DEOPT PACKING pc=0x000000000a3b3977 sp=0x00000000340be8b0
Event: 18754.315 Thread 0x00000000271c9800 DEOPT UNPACKING pc=0x00000000025d71d0 sp=0x00000000340be798 mode 0


Dynamic libraries:
0x00007ff7ac8b0000 - 0x00007ff7ac8e1000 	C:\Program Files\Android\Android Studio Canary\jre\bin\java.exe
0x00007ffca5a60000 - 0x00007ffca5c50000 	C:\WINDOWS\SYSTEM32\ntdll.dll
0x00007ffca4240000 - 0x00007ffca42f2000 	C:\WINDOWS\System32\KERNEL32.DLL
0x00007ffca3460000 - 0x00007ffca3703000 	C:\WINDOWS\System32\KERNELBASE.dll
0x00007ffca4620000 - 0x00007ffca46c3000 	C:\WINDOWS\System32\ADVAPI32.dll
0x00007ffca4060000 - 0x00007ffca40fe000 	C:\WINDOWS\System32\msvcrt.dll
0x00007ffca5180000 - 0x00007ffca5217000 	C:\WINDOWS\System32\sechost.dll
0x00007ffca4300000 - 0x00007ffca4420000 	C:\WINDOWS\System32\RPCRT4.dll
0x00007ffca4cb0000 - 0x00007ffca4e44000 	C:\WINDOWS\System32\USER32.dll
0x00007ffca37e0000 - 0x00007ffca3801000 	C:\WINDOWS\System32\win32u.dll
0x00007ffca5910000 - 0x00007ffca5936000 	C:\WINDOWS\System32\GDI32.dll
0x00007ffca2a70000 - 0x00007ffca2c04000 	C:\WINDOWS\System32\gdi32full.dll
0x00007ffca3740000 - 0x00007ffca37de000 	C:\WINDOWS\System32\msvcp_win.dll
0x00007ffca3a10000 - 0x00007ffca3b0a000 	C:\WINDOWS\System32\ucrtbase.dll
0x00007ffc8cb90000 - 0x00007ffc8ce15000 	C:\WINDOWS\WinSxS\amd64_microsoft.windows.common-controls_6595b64144ccf1df_6.0.18362.418_none_e6c6b287130d565d\COMCTL32.dll
0x00007ffca48e0000 - 0x00007ffca4c16000 	C:\WINDOWS\System32\combase.dll
0x00007ffca29f0000 - 0x00007ffca2a70000 	C:\WINDOWS\System32\bcryptPrimitives.dll
0x00007ffca5940000 - 0x00007ffca596e000 	C:\WINDOWS\System32\IMM32.DLL
0x0000000074fa0000 - 0x0000000075072000 	C:\Program Files\Android\Android Studio Canary\jre\jre\bin\msvcr100.dll
0x0000000075570000 - 0x0000000075db6000 	C:\Program Files\Android\Android Studio Canary\jre\jre\bin\server\jvm.dll
0x00007ffca3b10000 - 0x00007ffca3b18000 	C:\WINDOWS\System32\PSAPI.DLL
0x00007ffc9ff00000 - 0x00007ffc9ff24000 	C:\WINDOWS\SYSTEM32\WINMM.dll
0x00007ffc9b300000 - 0x00007ffc9b30a000 	C:\WINDOWS\SYSTEM32\VERSION.dll
0x00007ffc9fed0000 - 0x00007ffc9fefd000 	C:\WINDOWS\SYSTEM32\WINMMBASE.dll
0x00007ffca33f0000 - 0x00007ffca343a000 	C:\WINDOWS\System32\cfgmgr32.dll
0x00007ffc9d910000 - 0x00007ffc9d919000 	C:\WINDOWS\SYSTEM32\WSOCK32.dll
0x00007ffca4100000 - 0x00007ffca416f000 	C:\WINDOWS\System32\WS2_32.dll
0x00007ffc9ebf0000 - 0x00007ffc9ebff000 	C:\Program Files\Android\Android Studio Canary\jre\jre\bin\verify.dll
0x00007ffc9c450000 - 0x00007ffc9c479000 	C:\Program Files\Android\Android Studio Canary\jre\jre\bin\java.dll
0x00007ffc9c2c0000 - 0x00007ffc9c2d6000 	C:\Program Files\Android\Android Studio Canary\jre\jre\bin\zip.dll
0x00007ffca5220000 - 0x00007ffca5905000 	C:\WINDOWS\System32\SHELL32.dll
0x00007ffca5970000 - 0x00007ffca5a19000 	C:\WINDOWS\System32\shcore.dll
0x00007ffca2c10000 - 0x00007ffca338f000 	C:\WINDOWS\System32\windows.storage.dll
0x00007ffca2980000 - 0x00007ffca299f000 	C:\WINDOWS\System32\profapi.dll
0x00007ffca29a0000 - 0x00007ffca29ea000 	C:\WINDOWS\System32\powrprof.dll
0x00007ffca2930000 - 0x00007ffca2940000 	C:\WINDOWS\System32\UMPDC.dll
0x00007ffca4c20000 - 0x00007ffca4c72000 	C:\WINDOWS\System32\shlwapi.dll
0x00007ffca2940000 - 0x00007ffca2951000 	C:\WINDOWS\System32\kernel.appcore.dll
0x00007ffca3440000 - 0x00007ffca3457000 	C:\WINDOWS\System32\cryptsp.dll
0x00007ffc9c0f0000 - 0x00007ffc9c10a000 	C:\Program Files\Android\Android Studio Canary\jre\jre\bin\net.dll
0x00007ffc96100000 - 0x00007ffc962d6000 	C:\WINDOWS\SYSTEM32\urlmon.dll
0x00007ffc95e40000 - 0x00007ffc960e6000 	C:\WINDOWS\SYSTEM32\iertutil.dll
0x00007ffca2370000 - 0x00007ffca237c000 	C:\WINDOWS\SYSTEM32\CRYPTBASE.DLL
0x00007ffca2140000 - 0x00007ffca21a7000 	C:\WINDOWS\system32\mswsock.dll
0x00007ffc9c0d0000 - 0x00007ffc9c0e3000 	C:\Program Files\Android\Android Studio Canary\jre\jre\bin\nio.dll
0x00007ffc9bba0000 - 0x00007ffc9bbc6000 	C:\Users\LordDarthArt\.gradle\native\30\windows-amd64\native-platform.dll
0x00007ffc9ca10000 - 0x00007ffc9ca1d000 	C:\Program Files\Android\Android Studio Canary\jre\jre\bin\management.dll
0x00007ffca1cb0000 - 0x00007ffca1ce3000 	C:\WINDOWS\system32\rsaenh.dll
0x00007ffca3710000 - 0x00007ffca3736000 	C:\WINDOWS\System32\bcrypt.dll
0x00007ffca2850000 - 0x00007ffca2875000 	C:\WINDOWS\SYSTEM32\USERENV.dll
0x00007ffca1e50000 - 0x00007ffca1e8a000 	C:\WINDOWS\SYSTEM32\IPHLPAPI.DLL
0x00007ffca4ca0000 - 0x00007ffca4ca8000 	C:\WINDOWS\System32\NSI.dll
0x00007ffc97600000 - 0x00007ffc97616000 	C:\WINDOWS\SYSTEM32\dhcpcsvc6.DLL
0x00007ffc9b190000 - 0x00007ffc9b1ac000 	C:\WINDOWS\SYSTEM32\dhcpcsvc.DLL
0x00007ffca1e90000 - 0x00007ffca1f5a000 	C:\WINDOWS\SYSTEM32\DNSAPI.dll
0x00007ffc9bc70000 - 0x00007ffc9bc8e000 	C:\Users\LordDarthArt\AppData\Local\Temp\native-platform6613612679557422959dir\native-platform.dll
0x00007ffca1a40000 - 0x00007ffca1a71000 	C:\WINDOWS\SYSTEM32\ntmarta.dll
0x00007ffc84460000 - 0x00007ffc845fc000 	C:\Program Files\Android\Android Studio Canary\jre\jre\bin\awt.dll
0x00007ffca4170000 - 0x00007ffca4234000 	C:\WINDOWS\System32\OLEAUT32.dll
0x00007ffca0aa0000 - 0x00007ffca0acd000 	C:\WINDOWS\SYSTEM32\dwmapi.dll
0x00007ffc9ef90000 - 0x00007ffc9f550000 	C:\WINDOWS\SYSTEM32\d2d1.dll
0x00007ffca04a0000 - 0x00007ffca052f000 	C:\WINDOWS\SYSTEM32\apphelp.dll
0x00007ffc9bfd0000 - 0x00007ffc9bff4000 	C:\Program Files\Android\Android Studio Canary\jre\jre\bin\sunec.dll
0x00007ffc9c4b0000 - 0x00007ffc9c4bb000 	C:\Program Files\Android\Android Studio Canary\jre\jre\bin\sunmscapi.dll
0x00007ffca38c0000 - 0x00007ffca3a09000 	C:\WINDOWS\System32\CRYPT32.dll
0x00007ffca2960000 - 0x00007ffca2972000 	C:\WINDOWS\System32\MSASN1.dll
0x00007ffc95290000 - 0x00007ffc9529a000 	C:\Windows\System32\rasadhlp.dll
0x00007ffc97020000 - 0x00007ffc97097000 	C:\WINDOWS\System32\fwpuclnt.dll

VM Arguments:
jvm_args: -Xmx1536m -Dfile.encoding=windows-1251 -Duser.country=RU -Duser.language=ru -Duser.variant 
java_command: org.gradle.launcher.daemon.bootstrap.GradleDaemon 5.6.1
java_class_path (initial): C:\Users\LordDarthArt\.gradle\wrapper\dists\gradle-5.6.1-all\805usxkvhgx6e1wbo8o64g0tx\gradle-5.6.1\lib\gradle-launcher-5.6.1.jar
Launcher Type: SUN_STANDARD

Environment Variables:
JAVA_HOME=C:\Program Files\Java\jdk-12.0.1
PATH=C:\WINDOWS\system32\WBEM;C:\WINDOWS\system32\WBEM;C:\Program Files\Ruby\bin;C:\WINDOWS\system32\WBEM;C:\WINDOWS\system32\WBEM;C:\WINDOWS\system32;C:\WINDOWS;C:\WINDOWS\System32\Wbem;C:\WINDOWS\System32\WindowsPowerShell\v1.0\;C:\WINDOWS\System32\OpenSSH\;C:\Program Files\Git\cmd;C:\Users\LordDarthArt\AppData\Local\Microsoft\WindowsApps;C:\Program Files (x86)\Bitvise SSH Client;C:\Users\LordDarthArt\ADB;C:\Program Files\Go\bin;C:\Users\LordDarthArt\Documents\Программы\Microsoft Visual Studio Code\bin;C:\Program Files\JetBrains\JetBrains PyCharm\bin;C:\Program Files\JetBrains\JetBrains RubyMine\bin;C:\Program Files\JetBrains\JetBrains DataGrip\bin;C:\Program Files\JetBrains\JetBrains GoLand\bin;C:\Program Files\JetBrains\JetBrains Rider\plugins\JavaScriptLanguage\helpers\package-version-range-matcher\bin;C:\Program Files (x86)\Windows Kits\10\Windows Performance Toolkit\;C:\Program Files\JetBrains\JetBrains CLion\bin;C:\Program Files\PuTTY\;C:\Program Files\Ruby\bin;C:\Users\LordDarthArt\AppData\Local\Microsoft\WindowsApps;;C:\Users\LordDarthArt\Documents\Программы\Microsoft Visual Studio Code\bin;C:\Program Files\JetBrains\JetBrains PyCharm\bin;;C:\Program Files\JetBrains\JetBrains RubyMine\bin;;C:\Program Files\JetBrains\JetBrains DataGrip\bin;;C:\Program Files\JetBrains\JetBrains GoLand\bin;;C:\Users\LordDarthArt\go\bin;C:\Program Files\JetBrains\JetBrains CLion\bin;
USERNAME=LordDarthArt
OS=Windows_NT
PROCESSOR_IDENTIFIER=Intel64 Family 6 Model 142 Stepping 9, GenuineIntel



---------------  S Y S T E M  ---------------

OS: Windows 10.0 , 64 bit Build 18362 (10.0.18362.329)

CPU:total 4 (initial active 4) (2 cores per cpu, 2 threads per core) family 6 model 142 stepping 9, cmov, cx8, fxsr, mmx, sse, sse2, sse3, ssse3, sse4.1, sse4.2, popcnt, aes, clmul, erms, 3dnowpref, lzcnt, ht, tsc, tscinvbit

Memory: 4k page, physical 16648932k(1093636k free), swap 16648932k(3212k free)

vm_info: OpenJDK 64-Bit Server VM (25.212-b04) for windows-amd64 JRE (1.8.0_212-release-1586-b04), built by "builder" with MS VC++ 10.0 (VS2010)

time: Thu Nov 07 03:51:49 2019
timezone: RTZ 2 (зима)
elapsed time: 18754 seconds (0d 5h 12m 34s)

